<?xml version="1.0" encoding="utf-8"?><testsuites name="pytest tests"><testsuite name="pytest" errors="0" failures="0" skipped="0" tests="16" time="0.159" timestamp="2026-02-21T05:50:00.967974+00:00" hostname="agent-env-186dde57-35ea-4a3b-9193-adf9b454f1a4"><testcase classname="backend.tests.test_kiosk_api.TestKioskRequestsAPI" name="test_get_all_requests" time="0.006" /><testcase classname="backend.tests.test_kiosk_api.TestKioskRequestsAPI" name="test_get_requests_by_employee" time="0.003" /><testcase classname="backend.tests.test_kiosk_api.TestKioskRequestsAPI" name="test_get_requests_by_type" time="0.004" /><testcase classname="backend.tests.test_kiosk_api.TestKioskRequestsAPI" name="test_create_stock_order_request" time="0.003" /><testcase classname="backend.tests.test_kiosk_api.TestKioskRequestsAPI" name="test_create_salary_advance_request" time="0.003" /><testcase classname="backend.tests.test_kiosk_api.TestKioskRequestsAPI" name="test_create_issue_report" time="0.004" /><testcase classname="backend.tests.test_kiosk_api.TestKioskRequestsAPI" name="test_create_request_missing_fields" time="0.004" /><testcase classname="backend.tests.test_kiosk_api.TestKioskRequestsAPI" name="test_update_request_status" time="0.006" /><testcase classname="backend.tests.test_kiosk_api.TestKioskRequestsAPI" name="test_update_nonexistent_request" time="0.003" /><testcase classname="backend.tests.test_kiosk_api.TestTasksAPI" name="test_get_all_tasks" time="0.002" /><testcase classname="backend.tests.test_kiosk_api.TestTasksAPI" name="test_get_tasks_by_assignee" time="0.003" /><testcase classname="backend.tests.test_kiosk_api.TestTimeAPI" name="test_get_time_entries" time="0.002" /><testcase classname="backend.tests.test_kiosk_api.TestTimeAPI" name="test_clock_in_valid" time="0.003" /><testcase classname="backend.tests.test_kiosk_api.TestTimeAPI" name="test_clock_in_invalid_action" time="0.003" /><testcase classname="backend.tests.test_kiosk_api.TestInventoryAPI" name="test_get_inventory" time="0.002" /><testcase classname="backend.tests.test_kiosk_api.TestInventoryAPI" name="test_get_inventory_by_barcode" time="0.002" /></testsuite></testsuites>