<?xml version="1.0" encoding="utf-8"?><testsuites name="pytest tests"><testsuite name="pytest" errors="0" failures="0" skipped="0" tests="33" time="0.398" timestamp="2026-02-21T06:32:49.049600+00:00" hostname="agent-env-186dde57-35ea-4a3b-9193-adf9b454f1a4"><testcase classname="backend.tests.test_mongodb_persistence.TestMongoDBPersistence" name="test_storage_returns_mongodb" time="0.011" /><testcase classname="backend.tests.test_mongodb_persistence.TestMongoDBPersistence" name="test_create_request_returns_mongodb_storage" time="0.014" /><testcase classname="backend.tests.test_mongodb_persistence.TestMongoDBPersistence" name="test_create_and_verify_persistence" time="0.016" /><testcase classname="backend.tests.test_mongodb_persistence.TestMongoDBPersistence" name="test_patch_returns_mongodb_storage" time="0.011" /><testcase classname="backend.tests.test_mongodb_persistence.TestRequestHistoryFilter" name="test_filter_by_employee_charl" time="0.009" /><testcase classname="backend.tests.test_mongodb_persistence.TestRequestHistoryFilter" name="test_filter_by_employee_lucky" time="0.007" /><testcase classname="backend.tests.test_mongodb_persistence.TestRequestHistoryFilter" name="test_create_and_filter_by_employee" time="0.009" /><testcase classname="backend.tests.test_mongodb_persistence.TestNotificationTrigger" name="test_approve_triggers_notification" time="0.028" /><testcase classname="backend.tests.test_mongodb_persistence.TestNotificationTrigger" name="test_reject_triggers_notification" time="0.014" /><testcase classname="backend.tests.test_mongodb_persistence.TestStatusBadges" name="test_pending_status_exists" time="0.007" /><testcase classname="backend.tests.test_mongodb_persistence.TestStatusBadges" name="test_approved_status_has_reviewer_info" time="0.006" /><testcase classname="backend.tests.test_mongodb_persistence.TestStatusBadges" name="test_rejected_status_has_notes" time="0.021" /><testcase classname="backend.tests.test_mongodb_persistence.TestDataPersistenceVerification" name="test_seed_data_present" time="0.006" /><testcase classname="backend.tests.test_mongodb_persistence.TestDataPersistenceVerification" name="test_request_has_valid_id" time="0.005" /><testcase classname="backend.tests.test_approvals_api.TestKioskRequestsAPI" name="test_get_all_requests" time="0.007" /><testcase classname="backend.tests.test_approvals_api.TestKioskRequestsAPI" name="test_get_requests_filter_by_type_stock_order" time="0.005" /><testcase classname="backend.tests.test_approvals_api.TestKioskRequestsAPI" name="test_get_requests_filter_by_type_salary_advance" time="0.006" /><testcase classname="backend.tests.test_approvals_api.TestKioskRequestsAPI" name="test_get_requests_filter_by_type_issue_report" time="0.018" /><testcase classname="backend.tests.test_approvals_api.TestKioskRequestsAPI" name="test_get_requests_filter_by_status_pending" time="0.007" /><testcase classname="backend.tests.test_approvals_api.TestKioskRequestsAPI" name="test_get_requests_filter_by_status_approved" time="0.006" /><testcase classname="backend.tests.test_approvals_api.TestKioskRequestsAPI" name="test_get_requests_filter_by_status_rejected" time="0.006" /><testcase classname="backend.tests.test_approvals_api.TestKioskRequestsAPI" name="test_get_requests_filter_by_employee" time="0.005" /><testcase classname="backend.tests.test_approvals_api.TestApprovalWorkflow" name="test_create_and_approve_request" time="0.008" /><testcase classname="backend.tests.test_approvals_api.TestApprovalWorkflow" name="test_create_and_reject_request" time="0.018" /><testcase classname="backend.tests.test_approvals_api.TestApprovalWorkflow" name="test_patch_missing_request_id" time="0.004" /><testcase classname="backend.tests.test_approvals_api.TestApprovalWorkflow" name="test_patch_missing_status" time="0.003" /><testcase classname="backend.tests.test_approvals_api.TestApprovalWorkflow" name="test_patch_nonexistent_request" time="0.004" /><testcase classname="backend.tests.test_approvals_api.TestRequestCreation" name="test_create_stock_order" time="0.004" /><testcase classname="backend.tests.test_approvals_api.TestRequestCreation" name="test_create_salary_advance" time="0.005" /><testcase classname="backend.tests.test_approvals_api.TestRequestCreation" name="test_create_issue_report" time="0.005" /><testcase classname="backend.tests.test_approvals_api.TestRequestCreation" name="test_create_request_missing_fields" time="0.003" /><testcase classname="backend.tests.test_approvals_api.TestSeedData" name="test_seed_data_has_safety_issue" time="0.018" /><testcase classname="backend.tests.test_approvals_api.TestSeedData" name="test_seed_data_has_urgent_stock_order" time="0.006" /></testsuite></testsuites>