<?xml version="1.0" encoding="utf-8"?><testsuites name="pytest tests"><testsuite name="pytest" errors="0" failures="0" skipped="0" tests="19" time="0.236" timestamp="2026-02-21T06:06:19.407296+00:00" hostname="agent-env-186dde57-35ea-4a3b-9193-adf9b454f1a4"><testcase classname="backend.tests.test_approvals_api.TestKioskRequestsAPI" name="test_get_all_requests" time="0.008" /><testcase classname="backend.tests.test_approvals_api.TestKioskRequestsAPI" name="test_get_requests_filter_by_type_stock_order" time="0.003" /><testcase classname="backend.tests.test_approvals_api.TestKioskRequestsAPI" name="test_get_requests_filter_by_type_salary_advance" time="0.003" /><testcase classname="backend.tests.test_approvals_api.TestKioskRequestsAPI" name="test_get_requests_filter_by_type_issue_report" time="0.002" /><testcase classname="backend.tests.test_approvals_api.TestKioskRequestsAPI" name="test_get_requests_filter_by_status_pending" time="0.002" /><testcase classname="backend.tests.test_approvals_api.TestKioskRequestsAPI" name="test_get_requests_filter_by_status_approved" time="0.003" /><testcase classname="backend.tests.test_approvals_api.TestKioskRequestsAPI" name="test_get_requests_filter_by_status_rejected" time="0.004" /><testcase classname="backend.tests.test_approvals_api.TestKioskRequestsAPI" name="test_get_requests_filter_by_employee" time="0.003" /><testcase classname="backend.tests.test_approvals_api.TestApprovalWorkflow" name="test_create_and_approve_request" time="0.008" /><testcase classname="backend.tests.test_approvals_api.TestApprovalWorkflow" name="test_create_and_reject_request" time="0.007" /><testcase classname="backend.tests.test_approvals_api.TestApprovalWorkflow" name="test_patch_missing_request_id" time="0.003" /><testcase classname="backend.tests.test_approvals_api.TestApprovalWorkflow" name="test_patch_missing_status" time="0.004" /><testcase classname="backend.tests.test_approvals_api.TestApprovalWorkflow" name="test_patch_nonexistent_request" time="0.004" /><testcase classname="backend.tests.test_approvals_api.TestRequestCreation" name="test_create_stock_order" time="0.005" /><testcase classname="backend.tests.test_approvals_api.TestRequestCreation" name="test_create_salary_advance" time="0.003" /><testcase classname="backend.tests.test_approvals_api.TestRequestCreation" name="test_create_issue_report" time="0.003" /><testcase classname="backend.tests.test_approvals_api.TestRequestCreation" name="test_create_request_missing_fields" time="0.019" /><testcase classname="backend.tests.test_approvals_api.TestSeedData" name="test_seed_data_has_safety_issue" time="0.003" /><testcase classname="backend.tests.test_approvals_api.TestSeedData" name="test_seed_data_has_urgent_stock_order" time="0.003" /></testsuite></testsuites>