<?xml version="1.0" encoding="utf-8"?><testsuites name="pytest tests"><testsuite name="pytest" errors="0" failures="7" skipped="0" tests="116" time="1.174" timestamp="2026-02-21T06:32:19.501956+00:00" hostname="agent-env-186dde57-35ea-4a3b-9193-adf9b454f1a4"><testcase classname="backend.tests.test_approvals_api.TestKioskRequestsAPI" name="test_get_all_requests" time="0.010" /><testcase classname="backend.tests.test_approvals_api.TestKioskRequestsAPI" name="test_get_requests_filter_by_type_stock_order" time="0.017" /><testcase classname="backend.tests.test_approvals_api.TestKioskRequestsAPI" name="test_get_requests_filter_by_type_salary_advance" time="0.011" /><testcase classname="backend.tests.test_approvals_api.TestKioskRequestsAPI" name="test_get_requests_filter_by_type_issue_report" time="0.015" /><testcase classname="backend.tests.test_approvals_api.TestKioskRequestsAPI" name="test_get_requests_filter_by_status_pending" time="0.019" /><testcase classname="backend.tests.test_approvals_api.TestKioskRequestsAPI" name="test_get_requests_filter_by_status_approved" time="0.011" /><testcase classname="backend.tests.test_approvals_api.TestKioskRequestsAPI" name="test_get_requests_filter_by_status_rejected" time="0.010" /><testcase classname="backend.tests.test_approvals_api.TestKioskRequestsAPI" name="test_get_requests_filter_by_employee" time="0.008" /><testcase classname="backend.tests.test_approvals_api.TestApprovalWorkflow" name="test_create_and_approve_request" time="0.018" /><testcase classname="backend.tests.test_approvals_api.TestApprovalWorkflow" name="test_create_and_reject_request" time="0.020" /><testcase classname="backend.tests.test_approvals_api.TestApprovalWorkflow" name="test_patch_missing_request_id" time="0.009" /><testcase classname="backend.tests.test_approvals_api.TestApprovalWorkflow" name="test_patch_missing_status" time="0.005" /><testcase classname="backend.tests.test_approvals_api.TestApprovalWorkflow" name="test_patch_nonexistent_request" time="0.011"><failure message="assert 400 == 404&#10; +  where 400 = &lt;Response [400]&gt;.status_code">backend/tests/test_approvals_api.py:254: in test_patch_nonexistent_request
    assert response.status_code == 404
E   assert 400 == 404
E    +  where 400 = &lt;Response [400]&gt;.status_code</failure></testcase><testcase classname="backend.tests.test_approvals_api.TestRequestCreation" name="test_create_stock_order" time="0.007" /><testcase classname="backend.tests.test_approvals_api.TestRequestCreation" name="test_create_salary_advance" time="0.010" /><testcase classname="backend.tests.test_approvals_api.TestRequestCreation" name="test_create_issue_report" time="0.011" /><testcase classname="backend.tests.test_approvals_api.TestRequestCreation" name="test_create_request_missing_fields" time="0.010" /><testcase classname="backend.tests.test_approvals_api.TestSeedData" name="test_seed_data_has_safety_issue" time="0.017" /><testcase classname="backend.tests.test_approvals_api.TestSeedData" name="test_seed_data_has_urgent_stock_order" time="0.015" /><testcase classname="backend.tests.test_auth_api.TestGetUsers" name="test_get_all_users_returns_200" time="0.009" /><testcase classname="backend.tests.test_auth_api.TestGetUsers" name="test_get_all_users_returns_4_users" time="0.003" /><testcase classname="backend.tests.test_auth_api.TestGetUsers" name="test_get_users_contains_expected_personas" time="0.004" /><testcase classname="backend.tests.test_auth_api.TestGetUsers" name="test_users_have_correct_specialties" time="0.003" /><testcase classname="backend.tests.test_auth_api.TestGetUsers" name="test_users_do_not_expose_passwords" time="0.003" /><testcase classname="backend.tests.test_auth_api.TestLogin" name="test_login_hans_with_correct_password" time="0.010" /><testcase classname="backend.tests.test_auth_api.TestLogin" name="test_login_irma_with_correct_password" time="0.005" /><testcase classname="backend.tests.test_auth_api.TestLogin" name="test_login_charl_with_correct_password" time="0.007" /><testcase classname="backend.tests.test_auth_api.TestLogin" name="test_login_lucky_with_correct_password" time="0.005" /><testcase classname="backend.tests.test_auth_api.TestLogin" name="test_login_with_email_instead_of_userid" time="0.006" /><testcase classname="backend.tests.test_auth_api.TestLogin" name="test_login_fails_with_wrong_password" time="0.007" /><testcase classname="backend.tests.test_auth_api.TestLogin" name="test_login_fails_with_nonexistent_user" time="0.005" /><testcase classname="backend.tests.test_auth_api.TestLogin" name="test_login_response_excludes_password" time="0.006" /><testcase classname="backend.tests.test_auth_api.TestPasswordReset" name="test_password_reset_via_sms" time="0.009" /><testcase classname="backend.tests.test_auth_api.TestPasswordReset" name="test_password_reset_via_email" time="0.007" /><testcase classname="backend.tests.test_auth_api.TestPasswordReset" name="test_password_reset_fails_for_nonexistent_user" time="0.004" /><testcase classname="backend.tests.test_auth_api.TestPasswordReset" name="test_password_reset_masks_phone_number" time="0.005" /><testcase classname="backend.tests.test_auth_api.TestDashboardPages" name="test_hans_dashboard_accessible" time="0.019" /><testcase classname="backend.tests.test_auth_api.TestDashboardPages" name="test_irma_dashboard_accessible" time="0.015" /><testcase classname="backend.tests.test_auth_api.TestDashboardPages" name="test_charl_dashboard_accessible" time="0.016" /><testcase classname="backend.tests.test_auth_api.TestDashboardPages" name="test_lucky_dashboard_accessible" time="0.021" /><testcase classname="backend.tests.test_auth_api.TestDashboardPages" name="test_login_page_accessible" time="0.012" /><testcase classname="backend.tests.test_hov_api.TestIntegrationStatus" name="test_get_integration_status" time="0.008" /><testcase classname="backend.tests.test_hov_api.TestAuthLogin" name="test_login_hans_success" time="0.009"><failure message="assert 401 == 200&#10; +  where 401 = &lt;Response [401]&gt;.status_code">backend/tests/test_hov_api.py:42: in test_login_hans_success
    assert response.status_code == 200
E   assert 401 == 200
E    +  where 401 = &lt;Response [401]&gt;.status_code</failure></testcase><testcase classname="backend.tests.test_hov_api.TestAuthLogin" name="test_login_charl_success" time="0.006"><failure message="assert 401 == 200&#10; +  where 401 = &lt;Response [401]&gt;.status_code">backend/tests/test_hov_api.py:58: in test_login_charl_success
    assert response.status_code == 200
E   assert 401 == 200
E    +  where 401 = &lt;Response [401]&gt;.status_code</failure></testcase><testcase classname="backend.tests.test_hov_api.TestAuthLogin" name="test_login_lucky_success" time="0.003" /><testcase classname="backend.tests.test_hov_api.TestAuthLogin" name="test_login_irma_success" time="0.006"><failure message="assert 401 == 200&#10; +  where 401 = &lt;Response [401]&gt;.status_code">backend/tests/test_hov_api.py:85: in test_login_irma_success
    assert response.status_code == 200
E   assert 401 == 200
E    +  where 401 = &lt;Response [401]&gt;.status_code</failure></testcase><testcase classname="backend.tests.test_hov_api.TestAuthLogin" name="test_login_invalid_password" time="0.035" /><testcase classname="backend.tests.test_hov_api.TestAuthLogin" name="test_login_nonexistent_user" time="0.012" /><testcase classname="backend.tests.test_hov_api.TestPasswordReset" name="test_reset_password_sms_success" time="0.004" /><testcase classname="backend.tests.test_hov_api.TestPasswordReset" name="test_reset_password_email_success" time="0.005" /><testcase classname="backend.tests.test_hov_api.TestPasswordReset" name="test_reset_password_nonexistent_user" time="0.003" /><testcase classname="backend.tests.test_hov_api.TestTasksAPI" name="test_get_tasks" time="0.006" /><testcase classname="backend.tests.test_hov_api.TestTasksAPI" name="test_create_task" time="0.010" /><testcase classname="backend.tests.test_hov_api.TestTasksAPI" name="test_create_task_missing_title" time="0.006" /><testcase classname="backend.tests.test_hov_api.TestExpensesAPI" name="test_get_expenses" time="0.010" /><testcase classname="backend.tests.test_hov_api.TestExpensesAPI" name="test_create_expense" time="0.004" /><testcase classname="backend.tests.test_hov_api.TestExpensesAPI" name="test_create_expense_missing_fields" time="0.004" /><testcase classname="backend.tests.test_hov_api.TestAssetsAPI" name="test_get_assets" time="0.004" /><testcase classname="backend.tests.test_hov_api.TestTimeClockAPI" name="test_get_time_entries" time="0.007" /><testcase classname="backend.tests.test_hov_api.TestTimeClockAPI" name="test_clock_in" time="0.005" /><testcase classname="backend.tests.test_hov_api.TestTimeClockAPI" name="test_clock_in_missing_employee" time="0.003" /><testcase classname="backend.tests.test_hov_api.TestTimeClockAPI" name="test_invalid_action" time="0.003" /><testcase classname="backend.tests.test_hov_api.TestDocumentsAPI" name="test_get_document_templates" time="0.010" /><testcase classname="backend.tests.test_hov_api.TestSecurityChecks" name="test_password_not_in_login_response" time="0.003"><failure message="assert 401 == 200&#10; +  where 401 = &lt;Response [401]&gt;.status_code">backend/tests/test_hov_api.py:360: in test_password_not_in_login_response
    assert response.status_code == 200
E   assert 401 == 200
E    +  where 401 = &lt;Response [401]&gt;.status_code</failure></testcase><testcase classname="backend.tests.test_hov_api.TestSecurityChecks" name="test_api_returns_proper_error_codes" time="0.009" /><testcase classname="backend.tests.test_kiosk_api.TestKioskRequestsAPI" name="test_get_all_requests" time="0.008" /><testcase classname="backend.tests.test_kiosk_api.TestKioskRequestsAPI" name="test_get_requests_by_employee" time="0.009" /><testcase classname="backend.tests.test_kiosk_api.TestKioskRequestsAPI" name="test_get_requests_by_type" time="0.010" /><testcase classname="backend.tests.test_kiosk_api.TestKioskRequestsAPI" name="test_create_stock_order_request" time="0.006" /><testcase classname="backend.tests.test_kiosk_api.TestKioskRequestsAPI" name="test_create_salary_advance_request" time="0.005" /><testcase classname="backend.tests.test_kiosk_api.TestKioskRequestsAPI" name="test_create_issue_report" time="0.004" /><testcase classname="backend.tests.test_kiosk_api.TestKioskRequestsAPI" name="test_create_request_missing_fields" time="0.004" /><testcase classname="backend.tests.test_kiosk_api.TestKioskRequestsAPI" name="test_update_request_status" time="0.010" /><testcase classname="backend.tests.test_kiosk_api.TestKioskRequestsAPI" name="test_update_nonexistent_request" time="0.003"><failure message="assert 400 == 404&#10; +  where 400 = &lt;Response [400]&gt;.status_code">backend/tests/test_kiosk_api.py:204: in test_update_nonexistent_request
    assert response.status_code == 404
E   assert 400 == 404
E    +  where 400 = &lt;Response [400]&gt;.status_code</failure></testcase><testcase classname="backend.tests.test_kiosk_api.TestTasksAPI" name="test_get_all_tasks" time="0.003" /><testcase classname="backend.tests.test_kiosk_api.TestTasksAPI" name="test_get_tasks_by_assignee" time="0.003" /><testcase classname="backend.tests.test_kiosk_api.TestTimeAPI" name="test_get_time_entries" time="0.002" /><testcase classname="backend.tests.test_kiosk_api.TestTimeAPI" name="test_clock_in_valid" time="0.002" /><testcase classname="backend.tests.test_kiosk_api.TestTimeAPI" name="test_clock_in_invalid_action" time="0.002" /><testcase classname="backend.tests.test_kiosk_api.TestInventoryAPI" name="test_get_inventory" time="0.004" /><testcase classname="backend.tests.test_kiosk_api.TestInventoryAPI" name="test_get_inventory_by_barcode" time="0.003" /><testcase classname="backend.tests.test_mongodb_persistence.TestMongoDBPersistence" name="test_storage_returns_mongodb" time="0.009" /><testcase classname="backend.tests.test_mongodb_persistence.TestMongoDBPersistence" name="test_create_request_returns_mongodb_storage" time="0.021" /><testcase classname="backend.tests.test_mongodb_persistence.TestMongoDBPersistence" name="test_create_and_verify_persistence" time="0.013" /><testcase classname="backend.tests.test_mongodb_persistence.TestMongoDBPersistence" name="test_patch_returns_mongodb_storage" time="0.013" /><testcase classname="backend.tests.test_mongodb_persistence.TestRequestHistoryFilter" name="test_filter_by_employee_charl" time="0.025" /><testcase classname="backend.tests.test_mongodb_persistence.TestRequestHistoryFilter" name="test_filter_by_employee_lucky" time="0.005" /><testcase classname="backend.tests.test_mongodb_persistence.TestRequestHistoryFilter" name="test_create_and_filter_by_employee" time="0.008" /><testcase classname="backend.tests.test_mongodb_persistence.TestNotificationTrigger" name="test_approve_triggers_notification" time="0.007" /><testcase classname="backend.tests.test_mongodb_persistence.TestNotificationTrigger" name="test_reject_triggers_notification" time="0.013" /><testcase classname="backend.tests.test_mongodb_persistence.TestStatusBadges" name="test_pending_status_exists" time="0.015" /><testcase classname="backend.tests.test_mongodb_persistence.TestStatusBadges" name="test_approved_status_has_reviewer_info" time="0.006" /><testcase classname="backend.tests.test_mongodb_persistence.TestStatusBadges" name="test_rejected_status_has_notes" time="0.006" /><testcase classname="backend.tests.test_mongodb_persistence.TestDataPersistenceVerification" name="test_seed_data_present" time="0.013" /><testcase classname="backend.tests.test_mongodb_persistence.TestDataPersistenceVerification" name="test_request_has_valid_id" time="0.021" /><testcase classname="backend.tests.test_new_features.TestAssetsEnhancedAPI" name="test_get_all_assets" time="0.004" /><testcase classname="backend.tests.test_new_features.TestAssetsEnhancedAPI" name="test_filter_assets_by_category" time="0.002" /><testcase classname="backend.tests.test_new_features.TestAssetsEnhancedAPI" name="test_filter_assets_by_condition" time="0.002" /><testcase classname="backend.tests.test_new_features.TestAssetsEnhancedAPI" name="test_filter_assets_by_sale_status" time="0.002" /><testcase classname="backend.tests.test_new_features.TestAssetsEnhancedAPI" name="test_create_asset" time="0.003" /><testcase classname="backend.tests.test_new_features.TestAssetsEnhancedAPI" name="test_delete_asset" time="0.004" /><testcase classname="backend.tests.test_new_features.TestInventoryAPI" name="test_get_inventory" time="0.005" /><testcase classname="backend.tests.test_new_features.TestInventoryAPI" name="test_filter_inventory_by_category" time="0.005" /><testcase classname="backend.tests.test_new_features.TestInventoryAPI" name="test_consume_inventory_item" time="0.003" /><testcase classname="backend.tests.test_new_features.TestInventoryAPI" name="test_restock_inventory_item" time="0.003" /><testcase classname="backend.tests.test_new_features.TestInventoryAPI" name="test_generate_shopping_list" time="0.003" /><testcase classname="backend.tests.test_new_features.TestInventoryAPI" name="test_import_from_ocr" time="0.006" /><testcase classname="backend.tests.test_new_features.TestOCRAPI" name="test_get_ocr_results" time="0.004" /><testcase classname="backend.tests.test_new_features.TestMarketplaceAPI" name="test_get_listings" time="0.004" /><testcase classname="backend.tests.test_new_features.TestMarketplaceAPI" name="test_get_platforms" time="0.003" /><testcase classname="backend.tests.test_new_features.TestMarketplaceAPI" name="test_create_listing" time="0.003" /><testcase classname="backend.tests.test_new_features.TestMarketplaceAPI" name="test_generate_listing_content" time="0.003" /><testcase classname="backend.tests.test_new_features.TestFilesAPI" name="test_get_file_config" time="0.003" /><testcase classname="backend.tests.test_new_features.TestAuthFlow" name="test_login_with_hans_credentials" time="0.003"><failure message="assert 401 == 200&#10; +  where 401 = &lt;Response [401]&gt;.status_code">backend/tests/test_new_features.py:383: in test_login_with_hans_credentials
    assert response.status_code == 200
E   assert 401 == 200
E    +  where 401 = &lt;Response [401]&gt;.status_code</failure></testcase><testcase classname="backend.tests.test_new_features.TestAuthFlow" name="test_login_invalid_password" time="0.003" /><testcase classname="backend.tests.test_new_features.TestAuthFlow" name="test_login_nonexistent_user" time="0.003" /></testsuite></testsuites>