<?xml version="1.0" encoding="utf-8"?><testsuites name="pytest tests"><testsuite name="pytest" errors="0" failures="2" skipped="0" tests="24" time="0.207" timestamp="2026-02-20T20:08:45.848650+00:00" hostname="agent-env-b1f3e965-163b-4152-8d55-21c1144de5de"><testcase classname="backend.tests.test_hov_api.TestIntegrationStatus" name="test_get_integration_status" time="0.005" /><testcase classname="backend.tests.test_hov_api.TestAuthLogin" name="test_login_hans_success" time="0.004"><failure message="assert 401 == 200&#10; +  where 401 = &lt;Response [401]&gt;.status_code">backend/tests/test_hov_api.py:42: in test_login_hans_success
    assert response.status_code == 200
E   assert 401 == 200
E    +  where 401 = &lt;Response [401]&gt;.status_code</failure></testcase><testcase classname="backend.tests.test_hov_api.TestAuthLogin" name="test_login_charl_success" time="0.004"><failure message="assert 401 == 200&#10; +  where 401 = &lt;Response [401]&gt;.status_code">backend/tests/test_hov_api.py:58: in test_login_charl_success
    assert response.status_code == 200
E   assert 401 == 200
E    +  where 401 = &lt;Response [401]&gt;.status_code</failure></testcase><testcase classname="backend.tests.test_hov_api.TestAuthLogin" name="test_login_lucky_success" time="0.004" /><testcase classname="backend.tests.test_hov_api.TestAuthLogin" name="test_login_irma_success" time="0.003" /><testcase classname="backend.tests.test_hov_api.TestAuthLogin" name="test_login_invalid_password" time="0.003" /><testcase classname="backend.tests.test_hov_api.TestAuthLogin" name="test_login_nonexistent_user" time="0.004" /><testcase classname="backend.tests.test_hov_api.TestPasswordReset" name="test_reset_password_sms_success" time="0.003" /><testcase classname="backend.tests.test_hov_api.TestPasswordReset" name="test_reset_password_email_success" time="0.003" /><testcase classname="backend.tests.test_hov_api.TestPasswordReset" name="test_reset_password_nonexistent_user" time="0.003" /><testcase classname="backend.tests.test_hov_api.TestTasksAPI" name="test_get_tasks" time="0.003" /><testcase classname="backend.tests.test_hov_api.TestTasksAPI" name="test_create_task" time="0.003" /><testcase classname="backend.tests.test_hov_api.TestTasksAPI" name="test_create_task_missing_title" time="0.007" /><testcase classname="backend.tests.test_hov_api.TestExpensesAPI" name="test_get_expenses" time="0.003" /><testcase classname="backend.tests.test_hov_api.TestExpensesAPI" name="test_create_expense" time="0.003" /><testcase classname="backend.tests.test_hov_api.TestExpensesAPI" name="test_create_expense_missing_fields" time="0.003" /><testcase classname="backend.tests.test_hov_api.TestAssetsAPI" name="test_get_assets" time="0.003" /><testcase classname="backend.tests.test_hov_api.TestTimeClockAPI" name="test_get_time_entries" time="0.003" /><testcase classname="backend.tests.test_hov_api.TestTimeClockAPI" name="test_clock_in" time="0.003" /><testcase classname="backend.tests.test_hov_api.TestTimeClockAPI" name="test_clock_in_missing_employee" time="0.013" /><testcase classname="backend.tests.test_hov_api.TestTimeClockAPI" name="test_invalid_action" time="0.003" /><testcase classname="backend.tests.test_hov_api.TestDocumentsAPI" name="test_get_document_templates" time="0.003" /><testcase classname="backend.tests.test_hov_api.TestSecurityChecks" name="test_password_not_in_login_response" time="0.003" /><testcase classname="backend.tests.test_hov_api.TestSecurityChecks" name="test_api_returns_proper_error_codes" time="0.006" /></testsuite></testsuites>