<?xml version="1.0" encoding="utf-8"?><testsuites name="pytest tests"><testsuite name="pytest" errors="0" failures="0" skipped="0" tests="14" time="0.221" timestamp="2026-02-21T06:30:37.740420+00:00" hostname="agent-env-186dde57-35ea-4a3b-9193-adf9b454f1a4"><testcase classname="backend.tests.test_mongodb_persistence.TestMongoDBPersistence" name="test_storage_returns_mongodb" time="0.008" /><testcase classname="backend.tests.test_mongodb_persistence.TestMongoDBPersistence" name="test_create_request_returns_mongodb_storage" time="0.004" /><testcase classname="backend.tests.test_mongodb_persistence.TestMongoDBPersistence" name="test_create_and_verify_persistence" time="0.010" /><testcase classname="backend.tests.test_mongodb_persistence.TestMongoDBPersistence" name="test_patch_returns_mongodb_storage" time="0.009" /><testcase classname="backend.tests.test_mongodb_persistence.TestRequestHistoryFilter" name="test_filter_by_employee_charl" time="0.005" /><testcase classname="backend.tests.test_mongodb_persistence.TestRequestHistoryFilter" name="test_filter_by_employee_lucky" time="0.027" /><testcase classname="backend.tests.test_mongodb_persistence.TestRequestHistoryFilter" name="test_create_and_filter_by_employee" time="0.010" /><testcase classname="backend.tests.test_mongodb_persistence.TestNotificationTrigger" name="test_approve_triggers_notification" time="0.034" /><testcase classname="backend.tests.test_mongodb_persistence.TestNotificationTrigger" name="test_reject_triggers_notification" time="0.012" /><testcase classname="backend.tests.test_mongodb_persistence.TestStatusBadges" name="test_pending_status_exists" time="0.006" /><testcase classname="backend.tests.test_mongodb_persistence.TestStatusBadges" name="test_approved_status_has_reviewer_info" time="0.026" /><testcase classname="backend.tests.test_mongodb_persistence.TestStatusBadges" name="test_rejected_status_has_notes" time="0.005" /><testcase classname="backend.tests.test_mongodb_persistence.TestDataPersistenceVerification" name="test_seed_data_present" time="0.006" /><testcase classname="backend.tests.test_mongodb_persistence.TestDataPersistenceVerification" name="test_request_has_valid_id" time="0.008" /></testsuite></testsuites>