<?xml version="1.0" encoding="utf-8"?><testsuites name="pytest tests"><testsuite name="pytest" errors="0" failures="2" skipped="0" tests="21" time="0.236" timestamp="2026-02-20T23:45:08.365966+00:00" hostname="agent-env-4e998e98-2c24-40f9-902b-50053397e740"><testcase classname="backend.tests.test_new_features.TestAssetsEnhancedAPI" name="test_get_all_assets" time="0.005" /><testcase classname="backend.tests.test_new_features.TestAssetsEnhancedAPI" name="test_filter_assets_by_category" time="0.004" /><testcase classname="backend.tests.test_new_features.TestAssetsEnhancedAPI" name="test_filter_assets_by_condition" time="0.003" /><testcase classname="backend.tests.test_new_features.TestAssetsEnhancedAPI" name="test_filter_assets_by_sale_status" time="0.002" /><testcase classname="backend.tests.test_new_features.TestAssetsEnhancedAPI" name="test_create_asset" time="0.004" /><testcase classname="backend.tests.test_new_features.TestAssetsEnhancedAPI" name="test_delete_asset" time="0.006" /><testcase classname="backend.tests.test_new_features.TestInventoryAPI" name="test_get_inventory" time="0.003" /><testcase classname="backend.tests.test_new_features.TestInventoryAPI" name="test_filter_inventory_by_category" time="0.003" /><testcase classname="backend.tests.test_new_features.TestInventoryAPI" name="test_consume_inventory_item" time="0.003" /><testcase classname="backend.tests.test_new_features.TestInventoryAPI" name="test_restock_inventory_item" time="0.003" /><testcase classname="backend.tests.test_new_features.TestInventoryAPI" name="test_generate_shopping_list" time="0.004" /><testcase classname="backend.tests.test_new_features.TestInventoryAPI" name="test_import_from_ocr" time="0.004" /><testcase classname="backend.tests.test_new_features.TestOCRAPI" name="test_get_ocr_results" time="0.010" /><testcase classname="backend.tests.test_new_features.TestMarketplaceAPI" name="test_get_listings" time="0.002" /><testcase classname="backend.tests.test_new_features.TestMarketplaceAPI" name="test_get_platforms" time="0.003" /><testcase classname="backend.tests.test_new_features.TestMarketplaceAPI" name="test_create_listing" time="0.003" /><testcase classname="backend.tests.test_new_features.TestMarketplaceAPI" name="test_generate_listing_content" time="0.003" /><testcase classname="backend.tests.test_new_features.TestFilesAPI" name="test_get_file_config" time="0.002" /><testcase classname="backend.tests.test_new_features.TestAuthFlow" name="test_login_with_hans_credentials" time="0.003"><failure message="AssertionError: assert 'Owner &amp; Administrator' == 'admin'&#10;  &#10;  - admin&#10;  + Owner &amp; Administrator">backend/tests/test_new_features.py:389: in test_login_with_hans_credentials
    assert data["user"]["role"] == "admin"
E   AssertionError: assert 'Owner &amp; Administrator' == 'admin'
E     
E     - admin
E     + Owner &amp; Administrator</failure></testcase><testcase classname="backend.tests.test_new_features.TestAuthFlow" name="test_login_invalid_password" time="0.004" /><testcase classname="backend.tests.test_new_features.TestAuthFlow" name="test_login_nonexistent_user" time="0.003"><failure message="assert 401 == 404&#10; +  where 401 = &lt;Response [401]&gt;.status_code">backend/tests/test_new_features.py:420: in test_login_nonexistent_user
    assert response.status_code == 404
E   assert 401 == 404
E    +  where 401 = &lt;Response [401]&gt;.status_code</failure></testcase></testsuite></testsuites>